<?xml version="1.0" encoding="UTF-8"?>
<!-- Generated by org.testng.reporters.JUnitReportReporter -->
<testsuite hostname="admin" name="keywordFramework.TestClass" tests="1" failures="0" timestamp="12 Mar 2020 19:15:26 GMT" time="34.551" errors="0">
  <testcase name="Test1" time="34.551" classname="keywordFramework.TestClass"/>
</testsuite> <!-- keywordFramework.TestClass -->
